32 2023-01-18 21:06:32,178 spam.ham        DEBUG    worker 1   Message no. 0 [XXXXXXX]
32 2023-01-18 21:06:32,180 foo.bar         INFO     worker 1   Message no. 1 [XXXXXXX]
32 2023-01-18 21:06:32,180 spam.ham.eggs   WARNING  worker 1   Message no. 2 [XXXXXXX]
32 2023-01-18 21:06:32,180 spam            ERROR    worker 1   Message no. 3 [XXXXXXX]
32 2023-01-18 21:06:32,181 foo.bar.baz     WARNING  worker 1   Message no. 4 [XXXXXXX]
32 2023-01-18 21:06:32,181 spam            ERROR    worker 1   Message no. 5 [XXXXXXX]
32 2023-01-18 21:06:32,181 foo             INFO     worker 1   Message no. 6 [XXXXXXX]
32 2023-01-18 21:06:32,181 spam            INFO     worker 1   Message no. 7 [XXXXXXX]
32 2023-01-18 21:06:32,181 foo             ERROR    worker 1   Message no. 8 [XXXXXXX]
32 2023-01-18 21:06:32,181 foo.bar         ERROR    worker 1   Message no. 9 [XXXXXXX]
32 2023-01-18 21:06:32,181 spam            INFO     worker 1   Message no. 10 [XXXXXXX]
32 2023-01-18 21:06:32,181 foo.bar.baz     ERROR    worker 1   Message no. 11 [XXXXXXX]
32 2023-01-18 21:06:32,181 spam.ham.eggs   CRITICAL worker 1   Message no. 12 [XXXXXXX]
32 2023-01-18 21:06:32,181 foo.bar.baz     CRITICAL worker 1   Message no. 13 [XXXXXXX]
32 2023-01-18 21:06:32,181 spam            ERROR    worker 1   Message no. 14 [XXXXXXX]
32 2023-01-18 21:06:32,181 spam            CRITICAL worker 1   Message no. 15 [XXXXXXX]
32 2023-01-18 21:06:32,181 foo             WARNING  worker 1   Message no. 16 [XXXXXXX]
32 2023-01-18 21:06:32,181 spam.ham        CRITICAL worker 1   Message no. 17 [XXXXXXX]
32 2023-01-18 21:06:32,181 spam.ham.eggs   DEBUG    worker 1   Message no. 18 [XXXXXXX]
32 2023-01-18 21:06:32,181 spam.ham.eggs   CRITICAL worker 1   Message no. 19 [XXXXXXX]
32 2023-01-18 21:06:32,181 spam.ham        CRITICAL worker 1   Message no. 20 [XXXXXXX]
32 2023-01-18 21:06:32,181 foo.bar.baz     INFO     worker 1   Message no. 21 [XXXXXXX]
32 2023-01-18 21:06:32,181 spam.ham        CRITICAL worker 1   Message no. 22 [XXXXXXX]
32 2023-01-18 21:06:32,181 foo             INFO     worker 1   Message no. 23 [XXXXXXX]
32 2023-01-18 21:06:32,181 spam.ham        WARNING  worker 1   Message no. 24 [XXXXXXX]
32 2023-01-18 21:06:32,181 spam.ham        WARNING  worker 1   Message no. 25 [XXXXXXX]
32 2023-01-18 21:06:32,181 spam            CRITICAL worker 1   Message no. 26 [XXXXXXX]
32 2023-01-18 21:06:32,181 spam.ham        ERROR    worker 1   Message no. 27 [XXXXXXX]
32 2023-01-18 21:06:32,182 foo.bar         WARNING  worker 1   Message no. 28 [XXXXXXX]
32 2023-01-18 21:06:32,182 spam            CRITICAL worker 1   Message no. 29 [XXXXXXX]
32 2023-01-18 21:06:32,182 spam            WARNING  worker 1   Message no. 30 [XXXXXXX]
32 2023-01-18 21:06:32,182 spam.ham.eggs   ERROR    worker 1   Message no. 31 [XXXXXXX]
32 2023-01-18 21:06:32,182 spam.ham.eggs   INFO     worker 1   Message no. 32 [XXXXXXX]
32 2023-01-18 21:06:32,184 foo.bar.baz     DEBUG    worker 2   Message no. 0 [XXXXXXX]
32 2023-01-18 21:06:32,182 spam.ham        WARNING  worker 1   Message no. 33 [XXXXXXX]
32 2023-01-18 21:06:32,182 foo.bar.baz     WARNING  worker 1   Message no. 34 [XXXXXXX]
32 2023-01-18 21:06:32,182 spam.ham        DEBUG    worker 1   Message no. 35 [XXXXXXX]
32 2023-01-18 21:06:32,182 foo.bar.baz     WARNING  worker 1   Message no. 36 [XXXXXXX]
32 2023-01-18 21:06:32,182 spam            DEBUG    worker 1   Message no. 37 [XXXXXXX]
32 2023-01-18 21:06:32,182 spam.ham        ERROR    worker 1   Message no. 38 [XXXXXXX]
32 2023-01-18 21:06:32,182 foo             INFO     worker 1   Message no. 39 [XXXXXXX]
32 2023-01-18 21:06:32,182 spam.ham.eggs   CRITICAL worker 1   Message no. 40 [XXXXXXX]
32 2023-01-18 21:06:32,182 spam            INFO     worker 1   Message no. 41 [XXXXXXX]
32 2023-01-18 21:06:32,182 spam            ERROR    worker 1   Message no. 42 [XXXXXXX]
32 2023-01-18 21:06:32,182 foo.bar         CRITICAL worker 1   Message no. 43 [XXXXXXX]
32 2023-01-18 21:06:32,182 spam.ham        WARNING  worker 1   Message no. 44 [XXXXXXX]
32 2023-01-18 21:06:32,182 spam            DEBUG    worker 1   Message no. 45 [XXXXXXX]
32 2023-01-18 21:06:32,182 spam.ham        WARNING  worker 1   Message no. 46 [XXXXXXX]
32 2023-01-18 21:06:32,182 foo             WARNING  worker 1   Message no. 47 [XXXXXXX]
32 2023-01-18 21:06:32,182 spam.ham        WARNING  worker 1   Message no. 48 [XXXXXXX]
32 2023-01-18 21:06:32,182 spam.ham.eggs   INFO     worker 1   Message no. 49 [XXXXXXX]
32 2023-01-18 21:06:32,182 foo.bar         INFO     worker 1   Message no. 50 [XXXXXXX]
32 2023-01-18 21:06:32,182 foo.bar         DEBUG    worker 1   Message no. 51 [XXXXXXX]
32 2023-01-18 21:06:32,182 spam.ham.eggs   WARNING  worker 1   Message no. 52 [XXXXXXX]
32 2023-01-18 21:06:32,182 foo.bar.baz     CRITICAL worker 1   Message no. 53 [XXXXXXX]
32 2023-01-18 21:06:32,182 spam.ham.eggs   ERROR    worker 1   Message no. 54 [XXXXXXX]
32 2023-01-18 21:06:32,182 foo.bar         WARNING  worker 1   Message no. 55 [XXXXXXX]
32 2023-01-18 21:06:32,182 foo.bar         CRITICAL worker 1   Message no. 56 [XXXXXXX]
32 2023-01-18 21:06:32,182 spam.ham.eggs   CRITICAL worker 1   Message no. 57 [XXXXXXX]
32 2023-01-18 21:06:32,182 spam            CRITICAL worker 1   Message no. 58 [XXXXXXX]
32 2023-01-18 21:06:32,182 spam.ham.eggs   INFO     worker 1   Message no. 59 [XXXXXXX]
32 2023-01-18 21:06:32,182 foo.bar         ERROR    worker 1   Message no. 60 [XXXXXXX]
32 2023-01-18 21:06:32,182 foo             CRITICAL worker 1   Message no. 61 [XXXXXXX]
32 2023-01-18 21:06:32,182 spam.ham        CRITICAL worker 1   Message no. 62 [XXXXXXX]
32 2023-01-18 21:06:32,183 spam.ham        WARNING  worker 1   Message no. 63 [XXXXXXX]
32 2023-01-18 21:06:32,183 foo.bar         DEBUG    worker 1   Message no. 64 [XXXXXXX]
32 2023-01-18 21:06:32,183 spam.ham        CRITICAL worker 1   Message no. 65 [XXXXXXX]
32 2023-01-18 21:06:32,183 foo.bar         ERROR    worker 1   Message no. 66 [XXXXXXX]
32 2023-01-18 21:06:32,183 spam            CRITICAL worker 1   Message no. 67 [XXXXXXX]
32 2023-01-18 21:06:32,183 spam.ham        DEBUG    worker 1   Message no. 68 [XXXXXXX]
32 2023-01-18 21:06:32,183 spam.ham        WARNING  worker 1   Message no. 69 [XXXXXXX]
32 2023-01-18 21:06:32,183 spam            ERROR    worker 1   Message no. 70 [XXXXXXX]
32 2023-01-18 21:06:32,183 foo.bar.baz     WARNING  worker 1   Message no. 71 [XXXXXXX]
32 2023-01-18 21:06:32,183 foo             DEBUG    worker 1   Message no. 72 [XXXXXXX]
32 2023-01-18 21:06:32,189 foo             INFO     worker 3   Message no. 0 [XXXXXXX]
32 2023-01-18 21:06:32,183 foo.bar         DEBUG    worker 1   Message no. 73 [XXXXXXX]
32 2023-01-18 21:06:32,185 foo             INFO     worker 2   Message no. 1 [XXXXXXX]
32 2023-01-18 21:06:32,183 foo.bar.baz     CRITICAL worker 1   Message no. 74 [XXXXXXX]
32 2023-01-18 21:06:32,186 spam            CRITICAL worker 2   Message no. 2 [XXXXXXX]
32 2023-01-18 21:06:32,183 foo.bar.baz     INFO     worker 1   Message no. 75 [XXXXXXX]
32 2023-01-18 21:06:32,186 foo.bar.baz     INFO     worker 2   Message no. 3 [XXXXXXX]
32 2023-01-18 21:06:32,183 foo.bar.baz     INFO     worker 1   Message no. 76 [XXXXXXX]
32 2023-01-18 21:06:32,186 spam.ham.eggs   ERROR    worker 2   Message no. 4 [XXXXXXX]
32 2023-01-18 21:06:32,183 foo.bar         DEBUG    worker 1   Message no. 77 [XXXXXXX]
32 2023-01-18 21:06:32,186 spam            WARNING  worker 2   Message no. 5 [XXXXXXX]
32 2023-01-18 21:06:32,183 spam.ham        CRITICAL worker 1   Message no. 78 [XXXXXXX]
32 2023-01-18 21:06:32,186 spam.ham.eggs   WARNING  worker 2   Message no. 6 [XXXXXXX]
32 2023-01-18 21:06:32,183 spam.ham        INFO     worker 1   Message no. 79 [XXXXXXX]
32 2023-01-18 21:06:32,186 foo             DEBUG    worker 2   Message no. 7 [XXXXXXX]
32 2023-01-18 21:06:32,183 spam.ham        WARNING  worker 1   Message no. 80 [XXXXXXX]
32 2023-01-18 21:06:32,186 foo.bar.baz     CRITICAL worker 2   Message no. 8 [XXXXXXX]
32 2023-01-18 21:06:32,183 foo.bar         INFO     worker 1   Message no. 81 [XXXXXXX]
32 2023-01-18 21:06:32,186 spam.ham.eggs   CRITICAL worker 2   Message no. 9 [XXXXXXX]
32 2023-01-18 21:06:32,183 spam.ham.eggs   CRITICAL worker 1   Message no. 82 [XXXXXXX]
32 2023-01-18 21:06:32,186 spam            INFO     worker 2   Message no. 10 [XXXXXXX]
32 2023-01-18 21:06:32,183 foo.bar.baz     INFO     worker 1   Message no. 83 [XXXXXXX]
32 2023-01-18 21:06:32,186 foo             DEBUG    worker 2   Message no. 11 [XXXXXXX]
32 2023-01-18 21:06:32,183 foo.bar         ERROR    worker 1   Message no. 84 [XXXXXXX]
32 2023-01-18 21:06:32,186 spam.ham.eggs   WARNING  worker 2   Message no. 12 [XXXXXXX]
32 2023-01-18 21:06:32,183 foo.bar         INFO     worker 1   Message no. 85 [XXXXXXX]
32 2023-01-18 21:06:32,186 foo.bar.baz     CRITICAL worker 2   Message no. 13 [XXXXXXX]
32 2023-01-18 21:06:32,183 foo.bar.baz     INFO     worker 1   Message no. 86 [XXXXXXX]
32 2023-01-18 21:06:32,186 foo.bar         DEBUG    worker 2   Message no. 14 [XXXXXXX]
32 2023-01-18 21:06:32,183 foo             ERROR    worker 1   Message no. 87 [XXXXXXX]
32 2023-01-18 21:06:32,186 spam            INFO     worker 2   Message no. 15 [XXXXXXX]
32 2023-01-18 21:06:32,183 spam.ham        WARNING  worker 1   Message no. 88 [XXXXXXX]
32 2023-01-18 21:06:32,186 foo.bar         WARNING  worker 2   Message no. 16 [XXXXXXX]
32 2023-01-18 21:06:32,183 foo.bar         INFO     worker 1   Message no. 89 [XXXXXXX]
32 2023-01-18 21:06:32,186 foo             ERROR    worker 2   Message no. 17 [XXXXXXX]
32 2023-01-18 21:06:32,189 foo.bar         DEBUG    worker 3   Message no. 1 [XXXXXXX]
32 2023-01-18 21:06:32,183 foo             CRITICAL worker 1   Message no. 90 [XXXXXXX]
32 2023-01-18 21:06:32,186 spam.ham        DEBUG    worker 2   Message no. 18 [XXXXXXX]
32 2023-01-18 21:06:32,190 spam            CRITICAL worker 3   Message no. 2 [XXXXXXX]
32 2023-01-18 21:06:32,183 spam.ham.eggs   ERROR    worker 1   Message no. 91 [XXXXXXX]
32 2023-01-18 21:06:32,186 spam.ham        INFO     worker 2   Message no. 19 [XXXXXXX]
32 2023-01-18 21:06:32,190 foo.bar         ERROR    worker 3   Message no. 3 [XXXXXXX]
32 2023-01-18 21:06:32,183 foo.bar         ERROR    worker 1   Message no. 92 [XXXXXXX]
32 2023-01-18 21:06:32,186 foo.bar.baz     DEBUG    worker 2   Message no. 20 [XXXXXXX]
32 2023-01-18 21:06:32,190 spam.ham.eggs   INFO     worker 3   Message no. 4 [XXXXXXX]
32 2023-01-18 21:06:32,183 spam            WARNING  worker 1   Message no. 93 [XXXXXXX]
32 2023-01-18 21:06:32,186 foo.bar.baz     ERROR    worker 2   Message no. 21 [XXXXXXX]
32 2023-01-18 21:06:32,190 spam            DEBUG    worker 3   Message no. 5 [XXXXXXX]
32 2023-01-18 21:06:32,183 foo.bar.baz     DEBUG    worker 1   Message no. 94 [XXXXXXX]
32 2023-01-18 21:06:32,186 foo.bar.baz     DEBUG    worker 2   Message no. 22 [XXXXXXX]
32 2023-01-18 21:06:32,190 spam.ham        WARNING  worker 3   Message no. 6 [XXXXXXX]
32 2023-01-18 21:06:32,183 foo.bar.baz     WARNING  worker 1   Message no. 95 [XXXXXXX]
32 2023-01-18 21:06:32,186 spam            WARNING  worker 2   Message no. 23 [XXXXXXX]
32 2023-01-18 21:06:32,190 spam.ham.eggs   WARNING  worker 3   Message no. 7 [XXXXXXX]
32 2023-01-18 21:06:32,183 spam.ham.eggs   CRITICAL worker 1   Message no. 96 [XXXXXXX]
32 2023-01-18 21:06:32,186 spam.ham.eggs   CRITICAL worker 2   Message no. 24 [XXXXXXX]
32 2023-01-18 21:06:32,190 foo.bar         INFO     worker 3   Message no. 8 [XXXXXXX]
32 2023-01-18 21:06:32,183 foo             ERROR    worker 1   Message no. 97 [XXXXXXX]
32 2023-01-18 21:06:32,186 foo.bar         INFO     worker 2   Message no. 25 [XXXXXXX]
32 2023-01-18 21:06:32,190 foo             INFO     worker 3   Message no. 9 [XXXXXXX]
32 2023-01-18 21:06:32,184 foo.bar.baz     ERROR    worker 1   Message no. 98 [XXXXXXX]
32 2023-01-18 21:06:32,195 spam            ERROR    worker 4   Message no. 0 [XXXXXXX]
32 2023-01-18 21:06:32,186 foo.bar         DEBUG    worker 2   Message no. 26 [XXXXXXX]
32 2023-01-18 21:06:32,190 foo             ERROR    worker 3   Message no. 10 [XXXXXXX]
32 2023-01-18 21:06:32,184 spam.ham.eggs   DEBUG    worker 1   Message no. 99 [XXXXXXX]
32 2023-01-18 21:06:32,186 spam            CRITICAL worker 2   Message no. 27 [XXXXXXX]
32 2023-01-18 21:06:32,190 foo             WARNING  worker 3   Message no. 11 [XXXXXXX]
32 2023-01-18 21:06:32,187 spam            ERROR    worker 2   Message no. 28 [XXXXXXX]
32 2023-01-18 21:06:32,190 spam.ham        ERROR    worker 3   Message no. 12 [XXXXXXX]
32 2023-01-18 21:06:32,187 spam.ham        DEBUG    worker 2   Message no. 29 [XXXXXXX]
32 2023-01-18 21:06:32,190 foo.bar         INFO     worker 3   Message no. 13 [XXXXXXX]
32 2023-01-18 21:06:32,187 spam.ham        ERROR    worker 2   Message no. 30 [XXXXXXX]
32 2023-01-18 21:06:32,190 spam.ham.eggs   ERROR    worker 3   Message no. 14 [XXXXXXX]
32 2023-01-18 21:06:32,187 foo             WARNING  worker 2   Message no. 31 [XXXXXXX]
32 2023-01-18 21:06:32,190 spam.ham        DEBUG    worker 3   Message no. 15 [XXXXXXX]
32 2023-01-18 21:06:32,187 spam            DEBUG    worker 2   Message no. 32 [XXXXXXX]
32 2023-01-18 21:06:32,190 foo.bar.baz     ERROR    worker 3   Message no. 16 [XXXXXXX]
32 2023-01-18 21:06:32,187 foo.bar.baz     DEBUG    worker 2   Message no. 33 [XXXXXXX]
32 2023-01-18 21:06:32,190 spam.ham        ERROR    worker 3   Message no. 17 [XXXXXXX]
32 2023-01-18 21:06:32,187 foo.bar.baz     ERROR    worker 2   Message no. 34 [XXXXXXX]
32 2023-01-18 21:06:32,190 foo.bar.baz     DEBUG    worker 3   Message no. 18 [XXXXXXX]
32 2023-01-18 21:06:32,187 foo.bar         ERROR    worker 2   Message no. 35 [XXXXXXX]
32 2023-01-18 21:06:32,190 spam            ERROR    worker 3   Message no. 19 [XXXXXXX]
32 2023-01-18 21:06:32,187 foo.bar.baz     ERROR    worker 2   Message no. 36 [XXXXXXX]
32 2023-01-18 21:06:32,190 spam.ham        INFO     worker 3   Message no. 20 [XXXXXXX]
32 2023-01-18 21:06:32,187 spam.ham.eggs   CRITICAL worker 2   Message no. 37 [XXXXXXX]
32 2023-01-18 21:06:32,190 foo             CRITICAL worker 3   Message no. 21 [XXXXXXX]
32 2023-01-18 21:06:32,187 foo.bar         CRITICAL worker 2   Message no. 38 [XXXXXXX]
32 2023-01-18 21:06:32,190 spam.ham.eggs   WARNING  worker 3   Message no. 22 [XXXXXXX]
32 2023-01-18 21:06:32,187 foo.bar.baz     DEBUG    worker 2   Message no. 39 [XXXXXXX]
32 2023-01-18 21:06:32,190 foo.bar.baz     DEBUG    worker 3   Message no. 23 [XXXXXXX]
32 2023-01-18 21:06:32,187 spam            ERROR    worker 2   Message no. 40 [XXXXXXX]
32 2023-01-18 21:06:32,190 spam            WARNING  worker 3   Message no. 24 [XXXXXXX]
32 2023-01-18 21:06:32,187 spam.ham        ERROR    worker 2   Message no. 41 [XXXXXXX]
32 2023-01-18 21:06:32,190 spam            INFO     worker 3   Message no. 25 [XXXXXXX]
32 2023-01-18 21:06:32,195 foo.bar         INFO     worker 4   Message no. 1 [XXXXXXX]
32 2023-01-18 21:06:32,187 foo             WARNING  worker 2   Message no. 42 [XXXXXXX]
32 2023-01-18 21:06:32,190 spam            ERROR    worker 3   Message no. 26 [XXXXXXX]
32 2023-01-18 21:06:32,195 foo             WARNING  worker 4   Message no. 2 [XXXXXXX]
32 2023-01-18 21:06:32,187 foo             ERROR    worker 2   Message no. 43 [XXXXXXX]
32 2023-01-18 21:06:32,190 foo.bar.baz     DEBUG    worker 3   Message no. 27 [XXXXXXX]
32 2023-01-18 21:06:32,196 foo.bar         ERROR    worker 4   Message no. 3 [XXXXXXX]
32 2023-01-18 21:06:32,187 foo.bar.baz     INFO     worker 2   Message no. 44 [XXXXXXX]
32 2023-01-18 21:06:32,190 foo.bar         ERROR    worker 3   Message no. 28 [XXXXXXX]
32 2023-01-18 21:06:32,198 foo.bar.baz     DEBUG    worker 5   Message no. 0 [XXXXXXX]
32 2023-01-18 21:06:32,196 spam            ERROR    worker 4   Message no. 4 [XXXXXXX]
32 2023-01-18 21:06:32,187 foo.bar.baz     WARNING  worker 2   Message no. 45 [XXXXXXX]
32 2023-01-18 21:06:32,190 spam            ERROR    worker 3   Message no. 29 [XXXXXXX]
32 2023-01-18 21:06:32,196 spam.ham.eggs   WARNING  worker 4   Message no. 5 [XXXXXXX]
32 2023-01-18 21:06:32,187 foo.bar.baz     ERROR    worker 2   Message no. 46 [XXXXXXX]
32 2023-01-18 21:06:32,191 foo             WARNING  worker 3   Message no. 30 [XXXXXXX]
32 2023-01-18 21:06:32,196 spam            INFO     worker 4   Message no. 6 [XXXXXXX]
32 2023-01-18 21:06:32,187 foo.bar         CRITICAL worker 2   Message no. 47 [XXXXXXX]
32 2023-01-18 21:06:32,191 spam.ham        CRITICAL worker 3   Message no. 31 [XXXXXXX]
32 2023-01-18 21:06:32,196 spam.ham        INFO     worker 4   Message no. 7 [XXXXXXX]
32 2023-01-18 21:06:32,187 foo             WARNING  worker 2   Message no. 48 [XXXXXXX]
32 2023-01-18 21:06:32,191 foo             INFO     worker 3   Message no. 32 [XXXXXXX]
32 2023-01-18 21:06:32,196 foo.bar.baz     CRITICAL worker 4   Message no. 8 [XXXXXXX]
32 2023-01-18 21:06:32,187 spam.ham        WARNING  worker 2   Message no. 49 [XXXXXXX]
32 2023-01-18 21:06:32,191 foo.bar.baz     ERROR    worker 3   Message no. 33 [XXXXXXX]
32 2023-01-18 21:06:32,196 spam.ham        ERROR    worker 4   Message no. 9 [XXXXXXX]
32 2023-01-18 21:06:32,187 spam            DEBUG    worker 2   Message no. 50 [XXXXXXX]
32 2023-01-18 21:06:32,191 foo.bar.baz     DEBUG    worker 3   Message no. 34 [XXXXXXX]
32 2023-01-18 21:06:32,196 spam            CRITICAL worker 4   Message no. 10 [XXXXXXX]
32 2023-01-18 21:06:32,188 spam.ham.eggs   CRITICAL worker 2   Message no. 51 [XXXXXXX]
32 2023-01-18 21:06:32,191 spam.ham        INFO     worker 3   Message no. 35 [XXXXXXX]
32 2023-01-18 21:06:32,196 foo             ERROR    worker 4   Message no. 11 [XXXXXXX]
32 2023-01-18 21:06:32,188 spam.ham.eggs   CRITICAL worker 2   Message no. 52 [XXXXXXX]
32 2023-01-18 21:06:32,191 spam.ham        CRITICAL worker 3   Message no. 36 [XXXXXXX]
32 2023-01-18 21:06:32,196 foo.bar         ERROR    worker 4   Message no. 12 [XXXXXXX]
32 2023-01-18 21:06:32,188 spam            INFO     worker 2   Message no. 53 [XXXXXXX]
32 2023-01-18 21:06:32,191 foo.bar         DEBUG    worker 3   Message no. 37 [XXXXXXX]
32 2023-01-18 21:06:32,196 foo             ERROR    worker 4   Message no. 13 [XXXXXXX]
32 2023-01-18 21:06:32,188 foo.bar         DEBUG    worker 2   Message no. 54 [XXXXXXX]
32 2023-01-18 21:06:32,191 foo             ERROR    worker 3   Message no. 38 [XXXXXXX]
32 2023-01-18 21:06:32,196 foo.bar.baz     INFO     worker 4   Message no. 14 [XXXXXXX]
32 2023-01-18 21:06:32,199 foo             CRITICAL worker 5   Message no. 1 [XXXXXXX]
32 2023-01-18 21:06:32,188 spam            ERROR    worker 2   Message no. 55 [XXXXXXX]
32 2023-01-18 21:06:32,191 foo.bar         DEBUG    worker 3   Message no. 39 [XXXXXXX]
32 2023-01-18 21:06:32,196 spam.ham.eggs   CRITICAL worker 4   Message no. 15 [XXXXXXX]
32 2023-01-18 21:06:32,199 foo             INFO     worker 5   Message no. 2 [XXXXXXX]
32 2023-01-18 21:06:32,188 spam            DEBUG    worker 2   Message no. 56 [XXXXXXX]
32 2023-01-18 21:06:32,191 foo.bar         CRITICAL worker 3   Message no. 40 [XXXXXXX]
32 2023-01-18 21:06:32,196 foo             WARNING  worker 4   Message no. 16 [XXXXXXX]
32 2023-01-18 21:06:32,199 foo.bar         CRITICAL worker 5   Message no. 3 [XXXXXXX]
32 2023-01-18 21:06:32,188 foo.bar.baz     ERROR    worker 2   Message no. 57 [XXXXXXX]
32 2023-01-18 21:06:32,191 spam.ham        INFO     worker 3   Message no. 41 [XXXXXXX]
32 2023-01-18 21:06:32,196 foo.bar.baz     ERROR    worker 4   Message no. 17 [XXXXXXX]
32 2023-01-18 21:06:32,199 foo.bar.baz     INFO     worker 5   Message no. 4 [XXXXXXX]
32 2023-01-18 21:06:32,188 spam.ham        CRITICAL worker 2   Message no. 58 [XXXXXXX]
32 2023-01-18 21:06:32,191 spam.ham.eggs   INFO     worker 3   Message no. 42 [XXXXXXX]
32 2023-01-18 21:06:32,196 spam.ham        ERROR    worker 4   Message no. 18 [XXXXXXX]
32 2023-01-18 21:06:32,199 foo.bar.baz     ERROR    worker 5   Message no. 5 [XXXXXXX]
32 2023-01-18 21:06:32,188 spam.ham.eggs   WARNING  worker 2   Message no. 59 [XXXXXXX]
32 2023-01-18 21:06:32,191 foo             WARNING  worker 3   Message no. 43 [XXXXXXX]
32 2023-01-18 21:06:32,196 foo.bar         ERROR    worker 4   Message no. 19 [XXXXXXX]
32 2023-01-18 21:06:32,199 foo.bar.baz     ERROR    worker 5   Message no. 6 [XXXXXXX]
32 2023-01-18 21:06:32,188 spam.ham.eggs   CRITICAL worker 2   Message no. 60 [XXXXXXX]
32 2023-01-18 21:06:32,191 foo.bar         INFO     worker 3   Message no. 44 [XXXXXXX]
32 2023-01-18 21:06:32,196 foo             CRITICAL worker 4   Message no. 20 [XXXXXXX]
32 2023-01-18 21:06:32,199 spam.ham        DEBUG    worker 5   Message no. 7 [XXXXXXX]
32 2023-01-18 21:06:32,188 foo.bar         WARNING  worker 2   Message no. 61 [XXXXXXX]
32 2023-01-18 21:06:32,191 spam.ham        INFO     worker 3   Message no. 45 [XXXXXXX]
32 2023-01-18 21:06:32,196 spam            ERROR    worker 4   Message no. 21 [XXXXXXX]
32 2023-01-18 21:06:32,199 spam.ham        WARNING  worker 5   Message no. 8 [XXXXXXX]
32 2023-01-18 21:06:32,188 foo             WARNING  worker 2   Message no. 62 [XXXXXXX]
32 2023-01-18 21:06:32,191 spam.ham.eggs   DEBUG    worker 3   Message no. 46 [XXXXXXX]
32 2023-01-18 21:06:32,196 spam.ham        DEBUG    worker 4   Message no. 22 [XXXXXXX]
32 2023-01-18 21:06:32,199 spam.ham.eggs   INFO     worker 5   Message no. 9 [XXXXXXX]
32 2023-01-18 21:06:32,188 spam.ham        WARNING  worker 2   Message no. 63 [XXXXXXX]
32 2023-01-18 21:06:32,191 spam            INFO     worker 3   Message no. 47 [XXXXXXX]
32 2023-01-18 21:06:32,196 foo.bar.baz     ERROR    worker 4   Message no. 23 [XXXXXXX]
32 2023-01-18 21:06:32,199 spam            INFO     worker 5   Message no. 10 [XXXXXXX]
32 2023-01-18 21:06:32,188 foo.bar         DEBUG    worker 2   Message no. 64 [XXXXXXX]
32 2023-01-18 21:06:32,191 spam.ham.eggs   DEBUG    worker 3   Message no. 48 [XXXXXXX]
32 2023-01-18 21:06:32,196 foo.bar.baz     WARNING  worker 4   Message no. 24 [XXXXXXX]
32 2023-01-18 21:06:32,199 spam.ham.eggs   DEBUG    worker 5   Message no. 11 [XXXXXXX]
32 2023-01-18 21:06:32,188 foo.bar.baz     INFO     worker 2   Message no. 65 [XXXXXXX]
32 2023-01-18 21:06:32,191 spam.ham        WARNING  worker 3   Message no. 49 [XXXXXXX]
32 2023-01-18 21:06:32,196 spam.ham.eggs   CRITICAL worker 4   Message no. 25 [XXXXXXX]
32 2023-01-18 21:06:32,199 foo             DEBUG    worker 5   Message no. 12 [XXXXXXX]
32 2023-01-18 21:06:32,188 spam.ham.eggs   INFO     worker 2   Message no. 66 [XXXXXXX]
32 2023-01-18 21:06:32,191 spam            WARNING  worker 3   Message no. 50 [XXXXXXX]
32 2023-01-18 21:06:32,196 spam.ham        CRITICAL worker 4   Message no. 26 [XXXXXXX]
32 2023-01-18 21:06:32,199 spam.ham.eggs   INFO     worker 5   Message no. 13 [XXXXXXX]
32 2023-01-18 21:06:32,188 foo.bar.baz     DEBUG    worker 2   Message no. 67 [XXXXXXX]
32 2023-01-18 21:06:32,191 spam.ham.eggs   DEBUG    worker 3   Message no. 51 [XXXXXXX]
32 2023-01-18 21:06:32,196 foo.bar.baz     CRITICAL worker 4   Message no. 27 [XXXXXXX]
32 2023-01-18 21:06:32,199 spam            WARNING  worker 5   Message no. 14 [XXXXXXX]
32 2023-01-18 21:06:32,188 foo.bar.baz     INFO     worker 2   Message no. 68 [XXXXXXX]
32 2023-01-18 21:06:32,191 foo             CRITICAL worker 3   Message no. 52 [XXXXXXX]
32 2023-01-18 21:06:32,196 spam.ham.eggs   INFO     worker 4   Message no. 28 [XXXXXXX]
32 2023-01-18 21:06:32,199 foo.bar         CRITICAL worker 5   Message no. 15 [XXXXXXX]
32 2023-01-18 21:06:32,188 foo             ERROR    worker 2   Message no. 69 [XXXXXXX]
32 2023-01-18 21:06:32,191 foo             ERROR    worker 3   Message no. 53 [XXXXXXX]
32 2023-01-18 21:06:32,196 foo.bar         INFO     worker 4   Message no. 29 [XXXXXXX]
32 2023-01-18 21:06:32,199 spam            INFO     worker 5   Message no. 16 [XXXXXXX]
32 2023-01-18 21:06:32,188 spam.ham.eggs   WARNING  worker 2   Message no. 70 [XXXXXXX]
32 2023-01-18 21:06:32,191 foo             WARNING  worker 3   Message no. 54 [XXXXXXX]
32 2023-01-18 21:06:32,196 foo.bar.baz     CRITICAL worker 4   Message no. 30 [XXXXXXX]
32 2023-01-18 21:06:32,199 spam            CRITICAL worker 5   Message no. 17 [XXXXXXX]
32 2023-01-18 21:06:32,188 foo             ERROR    worker 2   Message no. 71 [XXXXXXX]
32 2023-01-18 21:06:32,191 spam            DEBUG    worker 3   Message no. 55 [XXXXXXX]
32 2023-01-18 21:06:32,196 foo.bar         CRITICAL worker 4   Message no. 31 [XXXXXXX]
32 2023-01-18 21:06:32,199 spam.ham        DEBUG    worker 5   Message no. 18 [XXXXXXX]
32 2023-01-18 21:06:32,189 foo.bar         DEBUG    worker 2   Message no. 72 [XXXXXXX]
32 2023-01-18 21:06:32,191 spam.ham.eggs   DEBUG    worker 3   Message no. 56 [XXXXXXX]
32 2023-01-18 21:06:32,196 spam.ham.eggs   INFO     worker 4   Message no. 32 [XXXXXXX]
32 2023-01-18 21:06:32,199 foo.bar.baz     DEBUG    worker 5   Message no. 19 [XXXXXXX]
32 2023-01-18 21:06:32,189 spam.ham        ERROR    worker 2   Message no. 73 [XXXXXXX]
32 2023-01-18 21:06:32,191 foo.bar.baz     INFO     worker 3   Message no. 57 [XXXXXXX]
32 2023-01-18 21:06:32,196 spam            INFO     worker 4   Message no. 33 [XXXXXXX]
32 2023-01-18 21:06:32,199 foo             WARNING  worker 5   Message no. 20 [XXXXXXX]
32 2023-01-18 21:06:32,189 foo             ERROR    worker 2   Message no. 74 [XXXXXXX]
32 2023-01-18 21:06:32,191 spam.ham        WARNING  worker 3   Message no. 58 [XXXXXXX]
32 2023-01-18 21:06:32,196 spam.ham        WARNING  worker 4   Message no. 34 [XXXXXXX]
32 2023-01-18 21:06:32,200 spam            INFO     worker 5   Message no. 21 [XXXXXXX]
32 2023-01-18 21:06:32,189 foo             WARNING  worker 2   Message no. 75 [XXXXXXX]
32 2023-01-18 21:06:32,191 spam.ham        WARNING  worker 3   Message no. 59 [XXXXXXX]
32 2023-01-18 21:06:32,196 foo.bar         INFO     worker 4   Message no. 35 [XXXXXXX]
32 2023-01-18 21:06:32,200 foo.bar         WARNING  worker 5   Message no. 22 [XXXXXXX]
32 2023-01-18 21:06:32,189 foo.bar.baz     INFO     worker 2   Message no. 76 [XXXXXXX]
32 2023-01-18 21:06:32,191 foo.bar.baz     CRITICAL worker 3   Message no. 60 [XXXXXXX]
32 2023-01-18 21:06:32,197 foo.bar         DEBUG    worker 4   Message no. 36 [XXXXXXX]
32 2023-01-18 21:06:32,200 spam.ham        WARNING  worker 5   Message no. 23 [XXXXXXX]
32 2023-01-18 21:06:32,189 foo             DEBUG    worker 2   Message no. 77 [XXXXXXX]
32 2023-01-18 21:06:32,191 foo.bar.baz     WARNING  worker 3   Message no. 61 [XXXXXXX]
32 2023-01-18 21:06:32,197 spam.ham        WARNING  worker 4   Message no. 37 [XXXXXXX]
32 2023-01-18 21:06:32,200 foo.bar.baz     WARNING  worker 5   Message no. 24 [XXXXXXX]
32 2023-01-18 21:06:32,189 spam.ham        INFO     worker 2   Message no. 78 [XXXXXXX]
32 2023-01-18 21:06:32,191 spam.ham.eggs   CRITICAL worker 3   Message no. 62 [XXXXXXX]
32 2023-01-18 21:06:32,197 foo.bar.baz     INFO     worker 4   Message no. 38 [XXXXXXX]
32 2023-01-18 21:06:32,200 spam.ham        ERROR    worker 5   Message no. 25 [XXXXXXX]
32 2023-01-18 21:06:32,189 foo.bar.baz     ERROR    worker 2   Message no. 79 [XXXXXXX]
32 2023-01-18 21:06:32,191 foo             WARNING  worker 3   Message no. 63 [XXXXXXX]
32 2023-01-18 21:06:32,197 foo             CRITICAL worker 4   Message no. 39 [XXXXXXX]
32 2023-01-18 21:06:32,200 foo.bar.baz     INFO     worker 5   Message no. 26 [XXXXXXX]
32 2023-01-18 21:06:32,189 foo.bar         INFO     worker 2   Message no. 80 [XXXXXXX]
32 2023-01-18 21:06:32,191 spam.ham        WARNING  worker 3   Message no. 64 [XXXXXXX]
32 2023-01-18 21:06:32,197 foo.bar         CRITICAL worker 4   Message no. 40 [XXXXXXX]
32 2023-01-18 21:06:32,200 foo.bar.baz     ERROR    worker 5   Message no. 27 [XXXXXXX]
32 2023-01-18 21:06:32,189 spam            ERROR    worker 2   Message no. 81 [XXXXXXX]
32 2023-01-18 21:06:32,192 foo             INFO     worker 3   Message no. 65 [XXXXXXX]
32 2023-01-18 21:06:32,197 foo.bar.baz     DEBUG    worker 4   Message no. 41 [XXXXXXX]
32 2023-01-18 21:06:32,200 foo.bar.baz     ERROR    worker 5   Message no. 28 [XXXXXXX]
32 2023-01-18 21:06:32,189 spam.ham.eggs   CRITICAL worker 2   Message no. 82 [XXXXXXX]
32 2023-01-18 21:06:32,192 foo             WARNING  worker 3   Message no. 66 [XXXXXXX]
32 2023-01-18 21:06:32,197 spam.ham.eggs   INFO     worker 4   Message no. 42 [XXXXXXX]
32 2023-01-18 21:06:32,200 spam.ham        INFO     worker 5   Message no. 29 [XXXXXXX]
32 2023-01-18 21:06:32,189 foo.bar.baz     CRITICAL worker 2   Message no. 83 [XXXXXXX]
32 2023-01-18 21:06:32,192 foo.bar         WARNING  worker 3   Message no. 67 [XXXXXXX]
32 2023-01-18 21:06:32,197 spam            CRITICAL worker 4   Message no. 43 [XXXXXXX]
32 2023-01-18 21:06:32,200 spam            CRITICAL worker 5   Message no. 30 [XXXXXXX]
32 2023-01-18 21:06:32,189 foo             ERROR    worker 2   Message no. 84 [XXXXXXX]
32 2023-01-18 21:06:32,192 foo             ERROR    worker 3   Message no. 68 [XXXXXXX]
32 2023-01-18 21:06:32,197 spam.ham        CRITICAL worker 4   Message no. 44 [XXXXXXX]
32 2023-01-18 21:06:32,200 spam.ham.eggs   DEBUG    worker 5   Message no. 31 [XXXXXXX]
32 2023-01-18 21:06:32,189 spam.ham.eggs   ERROR    worker 2   Message no. 85 [XXXXXXX]
32 2023-01-18 21:06:32,192 foo             CRITICAL worker 3   Message no. 69 [XXXXXXX]
32 2023-01-18 21:06:32,197 foo.bar.baz     CRITICAL worker 4   Message no. 45 [XXXXXXX]
32 2023-01-18 21:06:32,200 foo.bar.baz     ERROR    worker 5   Message no. 32 [XXXXXXX]
32 2023-01-18 21:06:32,189 spam            CRITICAL worker 2   Message no. 86 [XXXXXXX]
32 2023-01-18 21:06:32,192 foo.bar.baz     DEBUG    worker 3   Message no. 70 [XXXXXXX]
32 2023-01-18 21:06:32,197 spam.ham        INFO     worker 4   Message no. 46 [XXXXXXX]
32 2023-01-18 21:06:32,200 spam.ham        WARNING  worker 5   Message no. 33 [XXXXXXX]
32 2023-01-18 21:06:32,189 spam.ham.eggs   CRITICAL worker 2   Message no. 87 [XXXXXXX]
32 2023-01-18 21:06:32,192 spam            DEBUG    worker 3   Message no. 71 [XXXXXXX]
32 2023-01-18 21:06:32,197 spam            DEBUG    worker 4   Message no. 47 [XXXXXXX]
32 2023-01-18 21:06:32,200 foo.bar         CRITICAL worker 5   Message no. 34 [XXXXXXX]
32 2023-01-18 21:06:32,189 spam.ham        INFO     worker 2   Message no. 88 [XXXXXXX]
32 2023-01-18 21:06:32,192 spam.ham.eggs   ERROR    worker 3   Message no. 72 [XXXXXXX]
32 2023-01-18 21:06:32,197 spam            ERROR    worker 4   Message no. 48 [XXXXXXX]
32 2023-01-18 21:06:32,200 foo             WARNING  worker 5   Message no. 35 [XXXXXXX]
32 2023-01-18 21:06:32,189 spam            INFO     worker 2   Message no. 89 [XXXXXXX]
32 2023-01-18 21:06:32,192 foo.bar         INFO     worker 3   Message no. 73 [XXXXXXX]
32 2023-01-18 21:06:32,197 foo.bar         ERROR    worker 4   Message no. 49 [XXXXXXX]
32 2023-01-18 21:06:32,200 spam.ham.eggs   ERROR    worker 5   Message no. 36 [XXXXXXX]
32 2023-01-18 21:06:32,189 spam            WARNING  worker 2   Message no. 90 [XXXXXXX]
32 2023-01-18 21:06:32,192 spam            WARNING  worker 3   Message no. 74 [XXXXXXX]
32 2023-01-18 21:06:32,197 spam            WARNING  worker 4   Message no. 50 [XXXXXXX]
32 2023-01-18 21:06:32,200 foo             CRITICAL worker 5   Message no. 37 [XXXXXXX]
32 2023-01-18 21:06:32,189 spam.ham        CRITICAL worker 2   Message no. 91 [XXXXXXX]
32 2023-01-18 21:06:32,192 foo.bar.baz     CRITICAL worker 3   Message no. 75 [XXXXXXX]
32 2023-01-18 21:06:32,197 spam            CRITICAL worker 4   Message no. 51 [XXXXXXX]
32 2023-01-18 21:06:32,200 spam.ham.eggs   WARNING  worker 5   Message no. 38 [XXXXXXX]
32 2023-01-18 21:06:32,189 foo             ERROR    worker 2   Message no. 92 [XXXXXXX]
32 2023-01-18 21:06:32,192 spam.ham        CRITICAL worker 3   Message no. 76 [XXXXXXX]
32 2023-01-18 21:06:32,197 spam.ham        WARNING  worker 4   Message no. 52 [XXXXXXX]
32 2023-01-18 21:06:32,200 spam            WARNING  worker 5   Message no. 39 [XXXXXXX]
32 2023-01-18 21:06:32,189 spam            ERROR    worker 2   Message no. 93 [XXXXXXX]
32 2023-01-18 21:06:32,192 foo.bar.baz     WARNING  worker 3   Message no. 77 [XXXXXXX]
32 2023-01-18 21:06:32,197 spam            INFO     worker 4   Message no. 53 [XXXXXXX]
32 2023-01-18 21:06:32,200 foo             DEBUG    worker 5   Message no. 40 [XXXXXXX]
32 2023-01-18 21:06:32,189 spam.ham        CRITICAL worker 2   Message no. 94 [XXXXXXX]
32 2023-01-18 21:06:32,192 foo             DEBUG    worker 3   Message no. 78 [XXXXXXX]
32 2023-01-18 21:06:32,197 foo             DEBUG    worker 4   Message no. 54 [XXXXXXX]
32 2023-01-18 21:06:32,200 spam.ham        ERROR    worker 5   Message no. 41 [XXXXXXX]
32 2023-01-18 21:06:32,189 foo             ERROR    worker 2   Message no. 95 [XXXXXXX]
32 2023-01-18 21:06:32,192 spam.ham        CRITICAL worker 3   Message no. 79 [XXXXXXX]
32 2023-01-18 21:06:32,197 foo.bar         ERROR    worker 4   Message no. 55 [XXXXXXX]
32 2023-01-18 21:06:32,200 foo             WARNING  worker 5   Message no. 42 [XXXXXXX]
32 2023-01-18 21:06:32,189 spam            ERROR    worker 2   Message no. 96 [XXXXXXX]
32 2023-01-18 21:06:32,192 foo             WARNING  worker 3   Message no. 80 [XXXXXXX]
32 2023-01-18 21:06:32,197 spam            ERROR    worker 4   Message no. 56 [XXXXXXX]
32 2023-01-18 21:06:32,200 foo.bar.baz     INFO     worker 5   Message no. 43 [XXXXXXX]
32 2023-01-18 21:06:32,189 foo             CRITICAL worker 2   Message no. 97 [XXXXXXX]
32 2023-01-18 21:06:32,192 foo             DEBUG    worker 3   Message no. 81 [XXXXXXX]
32 2023-01-18 21:06:32,197 spam            CRITICAL worker 4   Message no. 57 [XXXXXXX]
32 2023-01-18 21:06:32,200 spam.ham.eggs   WARNING  worker 5   Message no. 44 [XXXXXXX]
32 2023-01-18 21:06:32,190 foo             INFO     worker 2   Message no. 98 [XXXXXXX]
32 2023-01-18 21:06:32,192 foo.bar         INFO     worker 3   Message no. 82 [XXXXXXX]
32 2023-01-18 21:06:32,197 spam.ham        INFO     worker 4   Message no. 58 [XXXXXXX]
32 2023-01-18 21:06:32,200 foo.bar.baz     ERROR    worker 5   Message no. 45 [XXXXXXX]
32 2023-01-18 21:06:32,190 foo             DEBUG    worker 2   Message no. 99 [XXXXXXX]
32 2023-01-18 21:06:32,192 spam.ham.eggs   DEBUG    worker 3   Message no. 83 [XXXXXXX]
32 2023-01-18 21:06:32,197 foo.bar.baz     CRITICAL worker 4   Message no. 59 [XXXXXXX]
32 2023-01-18 21:06:32,200 spam.ham.eggs   CRITICAL worker 5   Message no. 46 [XXXXXXX]
32 2023-01-18 21:06:32,192 foo.bar.baz     INFO     worker 3   Message no. 84 [XXXXXXX]
32 2023-01-18 21:06:32,197 spam.ham        ERROR    worker 4   Message no. 60 [XXXXXXX]
32 2023-01-18 21:06:32,200 foo             DEBUG    worker 5   Message no. 47 [XXXXXXX]
32 2023-01-18 21:06:32,192 spam.ham.eggs   DEBUG    worker 3   Message no. 85 [XXXXXXX]
32 2023-01-18 21:06:32,197 spam.ham        INFO     worker 4   Message no. 61 [XXXXXXX]
32 2023-01-18 21:06:32,200 spam.ham        DEBUG    worker 5   Message no. 48 [XXXXXXX]
32 2023-01-18 21:06:32,192 spam.ham.eggs   CRITICAL worker 3   Message no. 86 [XXXXXXX]
32 2023-01-18 21:06:32,197 foo             WARNING  worker 4   Message no. 62 [XXXXXXX]
32 2023-01-18 21:06:32,200 foo             ERROR    worker 5   Message no. 49 [XXXXXXX]
32 2023-01-18 21:06:32,192 spam            INFO     worker 3   Message no. 87 [XXXXXXX]
32 2023-01-18 21:06:32,197 foo             CRITICAL worker 4   Message no. 63 [XXXXXXX]
32 2023-01-18 21:06:32,200 foo.bar.baz     INFO     worker 5   Message no. 50 [XXXXXXX]
32 2023-01-18 21:06:32,192 foo             ERROR    worker 3   Message no. 88 [XXXXXXX]
32 2023-01-18 21:06:32,197 spam.ham        CRITICAL worker 4   Message no. 64 [XXXXXXX]
32 2023-01-18 21:06:32,200 foo.bar.baz     WARNING  worker 5   Message no. 51 [XXXXXXX]
32 2023-01-18 21:06:32,192 foo.bar.baz     DEBUG    worker 3   Message no. 89 [XXXXXXX]
32 2023-01-18 21:06:32,197 foo.bar.baz     WARNING  worker 4   Message no. 65 [XXXXXXX]
32 2023-01-18 21:06:32,200 spam            INFO     worker 5   Message no. 52 [XXXXXXX]
32 2023-01-18 21:06:32,192 foo.bar.baz     INFO     worker 3   Message no. 90 [XXXXXXX]
32 2023-01-18 21:06:32,197 foo.bar         WARNING  worker 4   Message no. 66 [XXXXXXX]
32 2023-01-18 21:06:32,200 spam.ham.eggs   INFO     worker 5   Message no. 53 [XXXXXXX]
32 2023-01-18 21:06:32,192 foo             CRITICAL worker 3   Message no. 91 [XXXXXXX]
32 2023-01-18 21:06:32,197 foo.bar         DEBUG    worker 4   Message no. 67 [XXXXXXX]
32 2023-01-18 21:06:32,200 spam.ham        DEBUG    worker 5   Message no. 54 [XXXXXXX]
32 2023-01-18 21:06:32,192 foo.bar         CRITICAL worker 3   Message no. 92 [XXXXXXX]
32 2023-01-18 21:06:32,197 foo.bar         ERROR    worker 4   Message no. 68 [XXXXXXX]
32 2023-01-18 21:06:32,200 foo             DEBUG    worker 5   Message no. 55 [XXXXXXX]
32 2023-01-18 21:06:32,192 foo.bar.baz     WARNING  worker 3   Message no. 93 [XXXXXXX]
32 2023-01-18 21:06:32,197 foo.bar.baz     INFO     worker 4   Message no. 69 [XXXXXXX]
32 2023-01-18 21:06:32,201 foo.bar.baz     DEBUG    worker 5   Message no. 56 [XXXXXXX]
32 2023-01-18 21:06:32,192 spam            INFO     worker 3   Message no. 94 [XXXXXXX]
32 2023-01-18 21:06:32,197 foo.bar.baz     ERROR    worker 4   Message no. 70 [XXXXXXX]
32 2023-01-18 21:06:32,201 foo.bar.baz     DEBUG    worker 5   Message no. 57 [XXXXXXX]
32 2023-01-18 21:06:32,192 foo.bar         CRITICAL worker 3   Message no. 95 [XXXXXXX]
32 2023-01-18 21:06:32,197 spam.ham.eggs   WARNING  worker 4   Message no. 71 [XXXXXXX]
32 2023-01-18 21:06:32,201 foo.bar         ERROR    worker 5   Message no. 58 [XXXXXXX]
32 2023-01-18 21:06:32,193 spam.ham        WARNING  worker 3   Message no. 96 [XXXXXXX]
32 2023-01-18 21:06:32,197 spam.ham        CRITICAL worker 4   Message no. 72 [XXXXXXX]
32 2023-01-18 21:06:32,201 spam.ham.eggs   WARNING  worker 5   Message no. 59 [XXXXXXX]
32 2023-01-18 21:06:32,193 spam.ham        CRITICAL worker 3   Message no. 97 [XXXXXXX]
32 2023-01-18 21:06:32,197 foo.bar         INFO     worker 4   Message no. 73 [XXXXXXX]
32 2023-01-18 21:06:32,201 spam.ham        INFO     worker 5   Message no. 60 [XXXXXXX]
32 2023-01-18 21:06:32,193 foo.bar.baz     WARNING  worker 3   Message no. 98 [XXXXXXX]
32 2023-01-18 21:06:32,198 spam.ham.eggs   INFO     worker 4   Message no. 74 [XXXXXXX]
32 2023-01-18 21:06:32,201 foo.bar         INFO     worker 5   Message no. 61 [XXXXXXX]
32 2023-01-18 21:06:32,193 foo.bar.baz     DEBUG    worker 3   Message no. 99 [XXXXXXX]
32 2023-01-18 21:06:32,198 spam.ham.eggs   CRITICAL worker 4   Message no. 75 [XXXXXXX]
32 2023-01-18 21:06:32,201 foo.bar.baz     DEBUG    worker 5   Message no. 62 [XXXXXXX]
32 2023-01-18 21:06:32,198 foo.bar.baz     CRITICAL worker 4   Message no. 76 [XXXXXXX]
32 2023-01-18 21:06:32,201 foo.bar         CRITICAL worker 5   Message no. 63 [XXXXXXX]
32 2023-01-18 21:06:32,198 spam.ham        CRITICAL worker 4   Message no. 77 [XXXXXXX]
32 2023-01-18 21:06:32,201 spam            DEBUG    worker 5   Message no. 64 [XXXXXXX]
32 2023-01-18 21:06:32,198 spam            WARNING  worker 4   Message no. 78 [XXXXXXX]
32 2023-01-18 21:06:32,201 spam.ham        WARNING  worker 5   Message no. 65 [XXXXXXX]
32 2023-01-18 21:06:32,198 spam.ham.eggs   WARNING  worker 4   Message no. 79 [XXXXXXX]
32 2023-01-18 21:06:32,201 spam.ham        CRITICAL worker 5   Message no. 66 [XXXXXXX]
32 2023-01-18 21:06:32,198 foo             DEBUG    worker 4   Message no. 80 [XXXXXXX]
32 2023-01-18 21:06:32,201 spam.ham.eggs   ERROR    worker 5   Message no. 67 [XXXXXXX]
32 2023-01-18 21:06:32,198 foo.bar         CRITICAL worker 4   Message no. 81 [XXXXXXX]
32 2023-01-18 21:06:32,201 foo             DEBUG    worker 5   Message no. 68 [XXXXXXX]
32 2023-01-18 21:06:32,198 foo             CRITICAL worker 4   Message no. 82 [XXXXXXX]
32 2023-01-18 21:06:32,201 foo.bar         INFO     worker 5   Message no. 69 [XXXXXXX]
32 2023-01-18 21:06:32,198 spam.ham        WARNING  worker 4   Message no. 83 [XXXXXXX]
32 2023-01-18 21:06:32,201 spam            DEBUG    worker 5   Message no. 70 [XXXXXXX]
32 2023-01-18 21:06:32,198 foo.bar.baz     DEBUG    worker 4   Message no. 84 [XXXXXXX]
32 2023-01-18 21:06:32,201 spam            WARNING  worker 5   Message no. 71 [XXXXXXX]
32 2023-01-18 21:06:32,198 foo.bar.baz     WARNING  worker 4   Message no. 85 [XXXXXXX]
32 2023-01-18 21:06:32,201 foo.bar         WARNING  worker 5   Message no. 72 [XXXXXXX]
32 2023-01-18 21:06:32,198 foo             DEBUG    worker 4   Message no. 86 [XXXXXXX]
32 2023-01-18 21:06:32,201 foo             CRITICAL worker 5   Message no. 73 [XXXXXXX]
32 2023-01-18 21:06:32,198 foo.bar.baz     ERROR    worker 4   Message no. 87 [XXXXXXX]
32 2023-01-18 21:06:32,201 spam.ham        INFO     worker 5   Message no. 74 [XXXXXXX]
32 2023-01-18 21:06:32,198 spam.ham.eggs   INFO     worker 4   Message no. 88 [XXXXXXX]
32 2023-01-18 21:06:32,201 spam            INFO     worker 5   Message no. 75 [XXXXXXX]
32 2023-01-18 21:06:32,198 spam.ham.eggs   INFO     worker 4   Message no. 89 [XXXXXXX]
32 2023-01-18 21:06:32,201 foo.bar.baz     WARNING  worker 5   Message no. 76 [XXXXXXX]
32 2023-01-18 21:06:32,198 spam.ham.eggs   DEBUG    worker 4   Message no. 90 [XXXXXXX]
32 2023-01-18 21:06:32,201 foo.bar         INFO     worker 5   Message no. 77 [XXXXXXX]
32 2023-01-18 21:06:32,198 spam.ham        DEBUG    worker 4   Message no. 91 [XXXXXXX]
32 2023-01-18 21:06:32,201 foo.bar         WARNING  worker 5   Message no. 78 [XXXXXXX]
32 2023-01-18 21:06:32,198 foo.bar.baz     WARNING  worker 4   Message no. 92 [XXXXXXX]
32 2023-01-18 21:06:32,201 foo.bar.baz     DEBUG    worker 5   Message no. 79 [XXXXXXX]
32 2023-01-18 21:06:32,198 foo.bar         CRITICAL worker 4   Message no. 93 [XXXXXXX]
32 2023-01-18 21:06:32,201 spam.ham.eggs   WARNING  worker 5   Message no. 80 [XXXXXXX]
32 2023-01-18 21:06:32,198 spam.ham        INFO     worker 4   Message no. 94 [XXXXXXX]
32 2023-01-18 21:06:32,201 spam            DEBUG    worker 5   Message no. 81 [XXXXXXX]
32 2023-01-18 21:06:32,198 spam            CRITICAL worker 4   Message no. 95 [XXXXXXX]
32 2023-01-18 21:06:32,202 spam.ham.eggs   DEBUG    worker 5   Message no. 82 [XXXXXXX]
32 2023-01-18 21:06:32,198 foo             DEBUG    worker 4   Message no. 96 [XXXXXXX]
32 2023-01-18 21:06:32,202 foo.bar         DEBUG    worker 5   Message no. 83 [XXXXXXX]
32 2023-01-18 21:06:32,198 spam            DEBUG    worker 4   Message no. 97 [XXXXXXX]
32 2023-01-18 21:06:32,202 foo             INFO     worker 5   Message no. 84 [XXXXXXX]
32 2023-01-18 21:06:32,198 spam            CRITICAL worker 4   Message no. 98 [XXXXXXX]
32 2023-01-18 21:06:32,202 spam.ham.eggs   ERROR    worker 5   Message no. 85 [XXXXXXX]
32 2023-01-18 21:06:32,198 foo             DEBUG    worker 4   Message no. 99 [XXXXXXX]
32 2023-01-18 21:06:32,202 spam.ham        CRITICAL worker 5   Message no. 86 [XXXXXXX]
32 2023-01-18 21:06:32,202 foo             DEBUG    worker 5   Message no. 87 [XXXXXXX]
32 2023-01-18 21:06:32,202 foo.bar.baz     CRITICAL worker 5   Message no. 88 [XXXXXXX]
32 2023-01-18 21:06:32,202 spam.ham.eggs   WARNING  worker 5   Message no. 89 [XXXXXXX]
32 2023-01-18 21:06:32,202 foo             CRITICAL worker 5   Message no. 90 [XXXXXXX]
32 2023-01-18 21:06:32,202 foo.bar         ERROR    worker 5   Message no. 91 [XXXXXXX]
32 2023-01-18 21:06:32,202 foo             DEBUG    worker 5   Message no. 92 [XXXXXXX]
32 2023-01-18 21:06:32,202 foo             ERROR    worker 5   Message no. 93 [XXXXXXX]
32 2023-01-18 21:06:32,202 spam.ham.eggs   INFO     worker 5   Message no. 94 [XXXXXXX]
32 2023-01-18 21:06:32,202 spam.ham        ERROR    worker 5   Message no. 95 [XXXXXXX]
32 2023-01-18 21:06:32,202 spam.ham.eggs   DEBUG    worker 5   Message no. 96 [XXXXXXX]
32 2023-01-18 21:06:32,202 spam            ERROR    worker 5   Message no. 97 [XXXXXXX]
32 2023-01-18 21:06:32,202 spam            WARNING  worker 5   Message no. 98 [XXXXXXX]
32 2023-01-18 21:06:32,202 spam            INFO     worker 5   Message no. 99 [XXXXXXX]
